<?xml version="1.0" encoding="UTF-8"?>
<!-- Generated by org.testng.reporters.JUnitXMLReporter -->
<testsuite hostname="DESKTOP-9RVS270" ignored="0" name="Test" tests="10" failures="1" timestamp="2020-07-07T00:32:56 IST" time="139.424" errors="0">
  <testcase name="validatelogindetails" time="1.973" classname="com.skillassure.happytrip.tests.ScheduleFlightTestCase1"/>
  <testcase name="validateFlightSelect" time="2.403" classname="com.skillassure.happytrip.tests.ScheduleFlightTestCase2"/>
  <testcase name="validateroutesdetails" time="2.463" classname="com.skillassure.happytrip.tests.ScheduleFlightTestCase3"/>
  <testcase name="validatedistance" time="2.958" classname="com.skillassure.happytrip.tests.ScheduleFlightTestCase4"/>
  <testcase name="ValidatedepartureDate" time="3.294" classname="com.skillassure.happytrip.tests.ScheduleFlightTestCase5"/>
  <testcase name="ValidatedepartureTime" time="3.483" classname="com.skillassure.happytrip.tests.ScheduleFlightTestCase6"/>
  <testcase name="validatearrivaldate" time="3.396" classname="com.skillassure.happytrip.tests.ScheduleFlightTestCase7"/>
  <testcase name="Validatearrivaltime" time="3.701" classname="com.skillassure.happytrip.tests.ScheduleFlightTestCase8"/>
  <testcase name="Validatebusinessfill" time="4.558" classname="com.skillassure.happytrip.tests.ScheduleFlightTestCase9"/>
  <testcase name="Validatesignupbutton" time="24.455" classname="com.skillassure.happytrip.tests.ScheduleFlightTestCase10">
    <failure type="org.openqa.selenium.NoSuchElementException" message="no such element: Unable to locate element: {&amp;quot;method&amp;quot;:&amp;quot;css selector&amp;quot;,&amp;quot;selector&amp;quot;:&amp;quot;#signInButtn&amp;quot;}
  (Session info: chrome=83.0.4103.116)
For documentation on this error, please visit: https://www.seleniumhq.org/exceptions/no_such_element.html
Build info: version: &amp;apos;3.141.59&amp;apos;, revision: &amp;apos;e82be7d358&amp;apos;, time: &amp;apos;2018-11-14T08:17:03&amp;apos;
System info: host: &amp;apos;DESKTOP-9RVS270&amp;apos;, ip: &amp;apos;192.168.31.110&amp;apos;, os.name: &amp;apos;Windows 10&amp;apos;, os.arch: &amp;apos;amd64&amp;apos;, os.version: &amp;apos;10.0&amp;apos;, java.version: &amp;apos;1.8.0_202&amp;apos;
Driver info: org.openqa.selenium.chrome.ChromeDriver
Capabilities {acceptInsecureCerts: false, browserName: chrome, browserVersion: 83.0.4103.116, chrome: {chromedriverVersion: 83.0.4103.39 (ccbf011cb2d2b..., userDataDir: C:\Users\prans\AppData\Loca...}, goog:chromeOptions: {debuggerAddress: localhost:60389}, javascriptEnabled: true, networkConnectionEnabled: false, pageLoadStrategy: normal, platform: WINDOWS, platformName: WINDOWS, proxy: Proxy(), setWindowRect: true, strictFileInteractability: false, timeouts: {implicit: 0, pageLoad: 300000, script: 30000}, unhandledPromptBehavior: dismiss and notify, webauthn:virtualAuthenticators: true}
Session ID: 4295c8ddb93a04d367f830cf64189963
*** Element info: {Using=id, value=signInButtn}">
      <![CDATA[org.openqa.selenium.NoSuchElementException: no such element: Unable to locate element: {"method":"css selector","selector":"#signInButtn"}
  (Session info: chrome=83.0.4103.116)
For documentation on this error, please visit: https://www.seleniumhq.org/exceptions/no_such_element.html
Build info: version: '3.141.59', revision: 'e82be7d358', time: '2018-11-14T08:17:03'
System info: host: 'DESKTOP-9RVS270', ip: '192.168.31.110', os.name: 'Windows 10', os.arch: 'amd64', os.version: '10.0', java.version: '1.8.0_202'
Driver info: org.openqa.selenium.chrome.ChromeDriver
Capabilities {acceptInsecureCerts: false, browserName: chrome, browserVersion: 83.0.4103.116, chrome: {chromedriverVersion: 83.0.4103.39 (ccbf011cb2d2b..., userDataDir: C:\Users\prans\AppData\Loca...}, goog:chromeOptions: {debuggerAddress: localhost:60389}, javascriptEnabled: true, networkConnectionEnabled: false, pageLoadStrategy: normal, platform: WINDOWS, platformName: WINDOWS, proxy: Proxy(), setWindowRect: true, strictFileInteractability: false, timeouts: {implicit: 0, pageLoad: 300000, script: 30000}, unhandledPromptBehavior: dismiss and notify, webauthn:virtualAuthenticators: true}
Session ID: 4295c8ddb93a04d367f830cf64189963
*** Element info: {Using=id, value=signInButtn}
at org.openqa.selenium.remote.http.W3CHttpResponseCodec.createException(W3CHttpResponseCodec.java:187)
at org.openqa.selenium.remote.http.W3CHttpResponseCodec.decode(W3CHttpResponseCodec.java:122)
at org.openqa.selenium.remote.http.W3CHttpResponseCodec.decode(W3CHttpResponseCodec.java:49)
at org.openqa.selenium.remote.HttpCommandExecutor.execute(HttpCommandExecutor.java:158)
at org.openqa.selenium.remote.service.DriverCommandExecutor.execute(DriverCommandExecutor.java:83)
at org.openqa.selenium.remote.RemoteWebDriver.execute(RemoteWebDriver.java:552)
at org.openqa.selenium.remote.RemoteWebDriver.findElement(RemoteWebDriver.java:323)
at org.openqa.selenium.remote.RemoteWebDriver.findElementById(RemoteWebDriver.java:372)
at org.openqa.selenium.By$ById.findElement(By.java:188)
at org.openqa.selenium.remote.RemoteWebDriver.findElement(RemoteWebDriver.java:315)
at org.openqa.selenium.support.events.EventFiringWebDriver.lambda$new$1(EventFiringWebDriver.java:105)
at com.sun.proxy.$Proxy25.findElement(Unknown Source)
at org.openqa.selenium.support.events.EventFiringWebDriver.findElement(EventFiringWebDriver.java:194)
at org.openqa.selenium.support.pagefactory.DefaultElementLocator.findElement(DefaultElementLocator.java:69)
at org.openqa.selenium.support.pagefactory.internal.LocatingElementHandler.invoke(LocatingElementHandler.java:38)
at com.sun.proxy.$Proxy29.click(Unknown Source)
at com.skillassure.happytrip.pages.FillScheduleFlightDetails.add(FillScheduleFlightDetails.java:152)
at com.skillassure.happytrip.pages.FillScheduleFlightDetails.fillscheduledata(FillScheduleFlightDetails.java:251)
at com.skillassure.happytrip.tests.ScheduleFlightTestCase10.Validatesignupbutton(ScheduleFlightTestCase10.java:43)
at java.util.ArrayList.forEach(Unknown Source)
... Removed 34 stack frames]]>
    </failure>
  </testcase> <!-- Validatesignupbutton -->
</testsuite> <!-- Test -->
